<?xml version="1.0" encoding="UTF-8"?>
<testsuite xmlns:xsi="http://www.w3.org/2001/XMLSchema-instance" xsi:noNamespaceSchemaLocation="https://maven.apache.org/surefire/maven-surefire-plugin/xsd/surefire-test-report.xsd" name="tn.ironbyte.ironbyteintern.services.UserServiceImplTest" time="0.154" tests="4" errors="0" skipped="0" failures="0">
  <properties>
[...]
</properties>
  <testcase name="testGetAllUsers" classname="tn.ironbyte.ironbyteintern.services.UserServiceImplTest" time="0.139"/>
  <testcase name="testUpdateUser" classname="tn.ironbyte.ironbyteintern.services.UserServiceImplTest" time="0.006"/>
  <testcase name="testRemoveUser" classname="tn.ironbyte.ironbyteintern.services.UserServiceImplTest" time="0.004"/>
  <testcase name="testCreateUser" classname="tn.ironbyte.ironbyteintern.services.UserServiceImplTest" time="0.004"/>
</testsuite>